d:\users\fsapo\source\repos\egon rise of the angels - v1\egon rise of the angels\x64\release\keyboard_movement_controller.obj
d:\users\fsapo\source\repos\egon rise of the angels - v1\egon rise of the angels\x64\release\main.obj
d:\users\fsapo\source\repos\egon rise of the angels - v1\egon rise of the angels\x64\release\re_pipeline.obj
d:\users\fsapo\source\repos\egon rise of the angels - v1\egon rise of the angels\x64\release\re_window.obj
d:\users\fsapo\source\repos\egon rise of the angels - v1\egon rise of the angels\x64\release\simple_render_system.obj
d:\users\fsapo\source\repos\egon rise of the angels - v1\egon rise of the angels\x64\release\te_buffer.obj
d:\users\fsapo\source\repos\egon rise of the angels - v1\egon rise of the angels\x64\release\te_camera.obj
d:\users\fsapo\source\repos\egon rise of the angels - v1\egon rise of the angels\x64\release\te_command.obj
d:\users\fsapo\source\repos\egon rise of the angels - v1\egon rise of the angels\x64\release\te_descriptors.obj
d:\users\fsapo\source\repos\egon rise of the angels - v1\egon rise of the angels\x64\release\te_device.obj
d:\users\fsapo\source\repos\egon rise of the angels - v1\egon rise of the angels\x64\release\te_game_object.obj
d:\users\fsapo\source\repos\egon rise of the angels - v1\egon rise of the angels\x64\release\te_logger.obj
d:\users\fsapo\source\repos\egon rise of the angels - v1\egon rise of the angels\x64\release\te_model.obj
d:\users\fsapo\source\repos\egon rise of the angels - v1\egon rise of the angels\x64\release\te_renderer.obj
d:\users\fsapo\source\repos\egon rise of the angels - v1\egon rise of the angels\x64\release\te_resource.obj
d:\users\fsapo\source\repos\egon rise of the angels - v1\egon rise of the angels\x64\release\te_swap_chain.obj
d:\users\fsapo\source\repos\egon rise of the angels - v1\egon rise of the angels\x64\release\te_texture.obj
d:\users\fsapo\source\repos\egon rise of the angels - v1\egon rise of the angels\x64\release\war_sim.obj
d:\users\fsapo\source\repos\egon rise of the angels - v1\egon rise of the angels\x64\release\vc143.pdb
d:\users\fsapo\source\repos\egon rise of the angels - v1\egon rise of the angels\x64\release\egon ris.916aee5f.tlog\cl.command.1.tlog
