d:\users\fsapo\source\repos\egon rise of the angels - v1\egon rise of the angels\x64\debug\vc143.pdb
d:\users\fsapo\source\repos\egon rise of the angels - v1\egon rise of the angels\x64\debug\vc143.idb
d:\users\fsapo\source\repos\egon rise of the angels - v1\egon rise of the angels\x64\debug\war_sim.obj
d:\users\fsapo\source\repos\egon rise of the angels - v1\egon rise of the angels\x64\debug\te_swap_chain.obj
d:\users\fsapo\source\repos\egon rise of the angels - v1\egon rise of the angels\x64\debug\te_renderer.obj
d:\users\fsapo\source\repos\egon rise of the angels - v1\egon rise of the angels\x64\debug\te_model.obj
d:\users\fsapo\source\repos\egon rise of the angels - v1\egon rise of the angels\x64\debug\te_game_object.obj
d:\users\fsapo\source\repos\egon rise of the angels - v1\egon rise of the angels\x64\debug\main.obj
d:\users\fsapo\source\repos\egon rise of the angels - v1\egon rise of the angels\x64\debug\te_device.obj
d:\users\fsapo\source\repos\egon rise of the angels - v1\egon rise of the angels\x64\debug\te_descriptors.obj
d:\users\fsapo\source\repos\egon rise of the angels - v1\egon rise of the angels\x64\debug\te_camera.obj
d:\users\fsapo\source\repos\egon rise of the angels - v1\egon rise of the angels\x64\debug\te_buffer.obj
d:\users\fsapo\source\repos\egon rise of the angels - v1\egon rise of the angels\x64\debug\simple_render_system.obj
d:\users\fsapo\source\repos\egon rise of the angels - v1\egon rise of the angels\x64\debug\re_window.obj
d:\users\fsapo\source\repos\egon rise of the angels - v1\egon rise of the angels\x64\debug\re_pipeline.obj
d:\users\fsapo\source\repos\egon rise of the angels - v1\egon rise of the angels\x64\debug\te_texture.obj
d:\users\fsapo\source\repos\egon rise of the angels - v1\egon rise of the angels\x64\debug\te_command.obj
d:\users\fsapo\source\repos\egon rise of the angels - v1\egon rise of the angels\x64\debug\keyboard_movement_controller.obj
d:\users\fsapo\source\repos\egon rise of the angels - v1\x64\debug\egon rise of the angels.pdb
d:\users\fsapo\source\repos\egon rise of the angels - v1\egon rise of the angels\x64\debug\egon ris.916aee5f.tlog\cl.command.1.tlog
d:\users\fsapo\source\repos\egon rise of the angels - v1\egon rise of the angels\x64\debug\egon ris.916aee5f.tlog\cl.items.tlog
d:\users\fsapo\source\repos\egon rise of the angels - v1\egon rise of the angels\x64\debug\egon ris.916aee5f.tlog\cl.read.1.tlog
d:\users\fsapo\source\repos\egon rise of the angels - v1\egon rise of the angels\x64\debug\egon ris.916aee5f.tlog\cl.write.1.tlog
d:\users\fsapo\source\repos\egon rise of the angels - v1\egon rise of the angels\x64\debug\egon ris.916aee5f.tlog\link.12996-cvtres.read.1.tlog
d:\users\fsapo\source\repos\egon rise of the angels - v1\egon rise of the angels\x64\debug\egon ris.916aee5f.tlog\link.12996-cvtres.write.1.tlog
d:\users\fsapo\source\repos\egon rise of the angels - v1\egon rise of the angels\x64\debug\egon ris.916aee5f.tlog\link.12996-rc.read.1.tlog
d:\users\fsapo\source\repos\egon rise of the angels - v1\egon rise of the angels\x64\debug\egon ris.916aee5f.tlog\link.12996-rc.write.1.tlog
d:\users\fsapo\source\repos\egon rise of the angels - v1\egon rise of the angels\x64\debug\egon ris.916aee5f.tlog\link.12996.read.1.tlog
d:\users\fsapo\source\repos\egon rise of the angels - v1\egon rise of the angels\x64\debug\egon ris.916aee5f.tlog\link.12996.read.2.tlog
d:\users\fsapo\source\repos\egon rise of the angels - v1\egon rise of the angels\x64\debug\egon ris.916aee5f.tlog\link.12996.read.3.tlog
d:\users\fsapo\source\repos\egon rise of the angels - v1\egon rise of the angels\x64\debug\egon ris.916aee5f.tlog\link.12996.read.4.tlog
d:\users\fsapo\source\repos\egon rise of the angels - v1\egon rise of the angels\x64\debug\egon ris.916aee5f.tlog\link.12996.write.1.tlog
d:\users\fsapo\source\repos\egon rise of the angels - v1\egon rise of the angels\x64\debug\egon ris.916aee5f.tlog\link.command.1.tlog
d:\users\fsapo\source\repos\egon rise of the angels - v1\egon rise of the angels\x64\debug\egon ris.916aee5f.tlog\link.read.1.tlog
d:\users\fsapo\source\repos\egon rise of the angels - v1\egon rise of the angels\x64\debug\egon ris.916aee5f.tlog\link.write.1.tlog
